<?xml version="1.0" encoding="UTF-8"?>
<testng-results ignored="0" total="1" passed="1" failed="0" skipped="0">
  <reporter-output>
  </reporter-output>
  <suite started-at="2021-10-11T21:38:59 IST" name="Default suite" finished-at="2021-10-11T21:39:14 IST" duration-ms="15718">
    <groups>
    </groups>
    <test started-at="2021-10-11T21:38:59 IST" name="Default test" finished-at="2021-10-11T21:39:14 IST" duration-ms="15718">
      <class name="testScript.ToolsQa">
        <test-method signature="print()[pri:0, instance:testScript.ToolsQa@69997e9d]" started-at="2021-10-11T21:38:59 IST" name="print" finished-at="2021-10-11T21:39:14 IST" duration-ms="15675" status="PASS">
          <reporter-output>
          </reporter-output>
        </test-method> <!-- print -->
      </class> <!-- testScript.ToolsQa -->
    </test> <!-- Default test -->
  </suite> <!-- Default suite -->
</testng-results>
